2024-08-21 08:45:52,503 - INFO - [31m[1mWARNING: This is a development server. Do not use it in a production deployment. Use a production WSGI server instead.[0m
 * Running on http://127.0.0.1:5000
2024-08-21 08:45:52,503 - INFO - [33mPress CTRL+C to quit[0m
2024-08-21 08:45:52,504 - INFO -  * Restarting with stat
2024-08-21 08:45:54,415 - WARNING -  * Debugger is active!
2024-08-21 08:45:54,417 - INFO -  * Debugger PIN: 707-100-866
2024-08-21 09:30:23,426 - INFO - [31m[1mWARNING: This is a development server. Do not use it in a production deployment. Use a production WSGI server instead.[0m
 * Running on http://127.0.0.1:5000
2024-08-21 09:30:23,426 - INFO - [33mPress CTRL+C to quit[0m
2024-08-21 09:30:23,428 - INFO -  * Restarting with stat
2024-08-21 09:30:25,551 - WARNING -  * Debugger is active!
2024-08-21 09:30:25,554 - INFO -  * Debugger PIN: 707-100-866
2024-08-21 09:30:38,140 - INFO - [31m[1mWARNING: This is a development server. Do not use it in a production deployment. Use a production WSGI server instead.[0m
 * Running on http://127.0.0.1:5000
2024-08-21 09:30:38,140 - INFO - [33mPress CTRL+C to quit[0m
2024-08-21 09:30:38,142 - INFO -  * Restarting with stat
2024-08-21 09:30:40,026 - WARNING -  * Debugger is active!
2024-08-21 09:30:40,028 - INFO -  * Debugger PIN: 707-100-866
2024-08-21 09:33:32,025 - INFO - [31m[1mWARNING: This is a development server. Do not use it in a production deployment. Use a production WSGI server instead.[0m
 * Running on http://127.0.0.1:5000
2024-08-21 09:33:32,025 - INFO - [33mPress CTRL+C to quit[0m
2024-08-21 09:33:32,027 - INFO -  * Restarting with stat
2024-08-21 09:33:33,909 - WARNING -  * Debugger is active!
2024-08-21 09:33:33,911 - INFO -  * Debugger PIN: 707-100-866
2024-08-21 09:35:22,718 - INFO -  * Detected change in 'D:\\Github\\Check-Plagiarism\\app.py', reloading
2024-08-21 09:35:22,939 - INFO -  * Restarting with stat
